<?xml version="1.0" encoding="UTF-8"?>
<testsuite xmlns:xsi="http://www.w3.org/2001/XMLSchema-instance" xsi:noNamespaceSchemaLocation="https://maven.apache.org/surefire/maven-surefire-plugin/xsd/surefire-test-report.xsd" name="dev.gauravkumar.AppTest" time="0.013" tests="2" errors="0" skipped="0" failures="0">
  <properties>
[...]
</properties>
  <testcase name="fifteenPlusTwentyIsThirtyFive" classname="dev.gauravkumar.AppTest" time="0.002"/>
  <testcase name="twentyPlusTwentyIsForty" classname="dev.gauravkumar.AppTest" time="0"/>
</testsuite>